2020-10-02 01:46:06,461 - instabot version: 0.117.0 (bot) - INFO - Instabot version: 0.117.0 Started
2020-10-02 01:46:06,461 - instabot version: 0.117.0 (bot) - DEBUG - Bot imported from C:\Users\Cptcr\AppData\Local\Programs\Python\Python37-32\lib\site-packages\instabot\bot\bot.py
2020-10-02 01:46:09,254 - instabot version: 0.117.0 (api_login) - DEBUG - Loading cookies
2020-10-02 01:46:09,255 - instabot version: 0.117.0 (api_login) - DEBUG - Loading uuids
2020-10-02 01:46:09,255 - instabot version: 0.117.0 (api_login) - INFO - Recovery from D:\Dropbox (CSU Fullerton)\Python Projects\InstagramPhilosophyBot/config/Daily_Philosophy_Trend_uuid_and_cookie.json: COOKIE True - UUIDs True - TIMING, DEVICE and ...
- user-agent=Instagram 117.0.0.28.123 Android (28/9.0; 420dpi; 1080x1920; OnePlus; ONEPLUS A3003; OnePlus3; qcom; en_US; 180322800)
- phone_id=cf7fb49a-f336-4718-87e2-bbe724d52ffd
- uuid=c1de761b-1ae3-4646-94b4-3c525e9b7027
- client_session_id=9c9702f2-fb03-4b4f-9da6-d45bd6ae24b9
- device_id=android-d0665dce0df070f6
2020-10-02 01:46:09,265 - instabot version: 0.117.0 (api_login) - INFO - LOGIN FLOW! Just logged-in: False
2020-10-02 01:46:09,980 - instabot version: 0.117.0 (api) - DEBUG - POST to endpoint: feed/timeline/ returned response: <Response [200]>
2020-10-02 01:46:10,263 - instabot version: 0.117.0 (api) - DEBUG - POST to endpoint: feed/reels_tray/ returned response: <Response [200]>
2020-10-02 01:46:10,402 - instabot version: 0.117.0 (api) - DEBUG - POST to endpoint: direct_v2/ranked_recipients/ returned response: <Response [200]>
2020-10-02 01:46:10,528 - instabot version: 0.117.0 (api) - DEBUG - POST to endpoint: direct_v2/ranked_recipients/ returned response: <Response [200]>
2020-10-02 01:46:10,706 - instabot version: 0.117.0 (api) - DEBUG - POST to endpoint: direct_v2/inbox/ returned response: <Response [200]>
2020-10-02 01:46:10,865 - instabot version: 0.117.0 (api) - DEBUG - GET to endpoint: direct_v2/get_presence/ returned response: <Response [200]>
2020-10-02 01:46:11,252 - instabot version: 0.117.0 (api) - DEBUG - GET to endpoint: news/inbox/?limited_activity=true&show_su=true returned response: <Response [200]>
2020-10-02 01:46:11,380 - instabot version: 0.117.0 (api) - DEBUG - GET to endpoint: users/profile_notice/ returned response: <Response [200]>
2020-10-02 01:46:11,536 - instabot version: 0.117.0 (api) - DEBUG - POST to endpoint: discover/explore/ returned response: <Response [200]>
2020-10-02 01:46:11,538 - instabot version: 0.117.0 (api) - INFO - Logged-in successfully as 'Daily_Philosophy_Trend'!
2020-10-02 01:46:11,538 - instabot version: 0.117.0 (bot_checkpoint) - DEBUG - Loading Checkpoint file from: D:\Dropbox (CSU Fullerton)\Python Projects\InstagramPhilosophyBot/config/Daily_Philosophy_Trend.checkpoint
2020-10-02 01:46:32,403 - instabot version: 0.117.0 (api) - DEBUG - POST to endpoint: media/configure/? returned response: <Response [200]>
2020-10-02 01:46:32,522 - instabot version: 0.117.0 (api) - DEBUG - POST to endpoint: qe/expose/ returned response: <Response [200]>
2020-10-02 01:46:32,523 - instabot version: 0.117.0 (bot_photo) - INFO - Photo 'images/post.jpg' is uploaded.
2020-10-02 01:46:32,523 - instabot version: 0.117.0 (bot_checkpoint) - DEBUG - Saving Checkpoint file to: D:\Dropbox (CSU Fullerton)\Python Projects\InstagramPhilosophyBot/config/Daily_Philosophy_Trend.checkpoint
2020-10-02 01:46:32,524 - instabot version: 0.117.0 (bot) - INFO - Total requests: 45
