2020-10-01 19:45:56,579 - instabot version: 0.117.0 (bot) - INFO - Instabot version: 0.117.0 Started
2020-10-01 19:45:56,579 - instabot version: 0.117.0 (bot) - DEBUG - Bot imported from C:\Users\Cptcr\AppData\Local\Programs\Python\Python37-32\lib\site-packages\instabot\bot\bot.py
2020-10-01 19:45:56,580 - instabot version: 0.117.0 (api_login) - INFO - Not yet logged in starting: PRE-LOGIN FLOW!
2020-10-01 19:45:56,757 - instabot version: 0.117.0 (api) - DEBUG - POST to endpoint: accounts/get_prefill_candidates/ returned response: <Response [200]>
2020-10-01 19:45:56,916 - instabot version: 0.117.0 (api) - DEBUG - POST to endpoint: qe/sync/ returned response: <Response [200]>
2020-10-01 19:45:57,074 - instabot version: 0.117.0 (api) - DEBUG - POST to endpoint: launcher/sync/ returned response: <Response [200]>
2020-10-01 19:45:57,207 - instabot version: 0.117.0 (api) - DEBUG - POST to endpoint: accounts/contact_point_prefill/ returned response: <Response [200]>
2020-10-01 19:45:58,953 - instabot version: 0.117.0 (api) - DEBUG - POST to endpoint: accounts/login/ returned response: <Response [200]>
2020-10-01 19:45:58,953 - instabot version: 0.117.0 (api) - INFO - Logged-in successfully as 'Daily_Philosophy_Trend'!
2020-10-01 19:45:58,953 - instabot version: 0.117.0 (api_login) - INFO - LOGIN FLOW! Just logged-in: True
2020-10-01 19:45:59,162 - instabot version: 0.117.0 (api) - DEBUG - POST to endpoint: qe/sync/ returned response: <Response [200]>
2020-10-01 19:45:59,314 - instabot version: 0.117.0 (api) - DEBUG - POST to endpoint: launcher/sync/ returned response: <Response [200]>
2020-10-01 19:45:59,475 - instabot version: 0.117.0 (api) - DEBUG - GET to endpoint: zr/token/result/?device_id=android-d0665dce0df070f6&token_hash=&custom_device_id=android-d0665dce0df070f6&fetch_reason=token_expired returned response: <Response [200]>
2020-10-01 19:45:59,620 - instabot version: 0.117.0 (api) - DEBUG - GET to endpoint: multiple_accounts/get_account_family/ returned response: <Response [200]>
2020-10-01 19:45:59,775 - instabot version: 0.117.0 (api) - DEBUG - POST to endpoint: qe/sync/ returned response: <Response [200]>
2020-10-01 19:46:00,018 - instabot version: 0.117.0 (api) - DEBUG - GET to endpoint: igtv/browse_feed/?prefetch=1 returned response: <Response [200]>
2020-10-01 19:46:00,175 - instabot version: 0.117.0 (api) - DEBUG - POST to endpoint: creatives/ar_class/ returned response: <Response [200]>
2020-10-01 19:46:00,421 - instabot version: 0.117.0 (api) - DEBUG - POST to endpoint: feed/reels_tray/ returned response: <Response [200]>
2020-10-01 19:46:03,069 - instabot version: 0.117.0 (api) - DEBUG - POST to endpoint: feed/timeline/ returned response: <Response [200]>
2020-10-01 19:46:03,230 - instabot version: 0.117.0 (api) - DEBUG - GET to endpoint: media/blocked/ returned response: <Response [200]>
2020-10-01 19:46:03,555 - instabot version: 0.117.0 (api) - DEBUG - GET to endpoint: news/inbox/ returned response: <Response [200]>
2020-10-01 19:46:03,696 - instabot version: 0.117.0 (api) - DEBUG - GET to endpoint: loom/fetch_config/ returned response: <Response [200]>
2020-10-01 19:46:03,944 - instabot version: 0.117.0 (api) - DEBUG - GET to endpoint: scores/bootstrap/users/?surfaces=["autocomplete_user_list","coefficient_besties_list_ranking","coefficient_rank_recipient_user_suggestion","coefficient_ios_section_test_bootstrap_ranking","coefficient_direct_recipients_ranking_variant_2"] returned response: <Response [200]>
2020-10-01 19:46:04,122 - instabot version: 0.117.0 (api) - DEBUG - GET to endpoint: business/eligibility/get_monetization_products_eligibility_data/?product_types=branded_content returned response: <Response [200]>
2020-10-01 19:46:04,332 - instabot version: 0.117.0 (api) - DEBUG - GET to endpoint: business/branded_content/should_require_professional_account/ returned response: <Response [200]>
2020-10-01 19:46:04,548 - instabot version: 0.117.0 (api) - DEBUG - GET to endpoint: linked_accounts/get_linkage_status/ returned response: <Response [200]>
2020-10-01 19:46:04,694 - instabot version: 0.117.0 (api) - DEBUG - GET to endpoint: locations/request_country/ returned response: <Response [200]>
2020-10-01 19:46:04,856 - instabot version: 0.117.0 (api) - DEBUG - GET to endpoint: qp/get_cooldowns/?signed_body=signed_body=4b9c516a5410a3bc128e09c6104a7f042146b9c2023870560c63a43a7f66781c.4&ig_sig_key_version=4&ig_sig_key_version=4 returned response: <Response [200]>
2020-10-01 19:46:05,023 - instabot version: 0.117.0 (api) - DEBUG - GET to endpoint: users/arlink_download_info/?version_override=2.2.1 returned response: <Response [200]>
2020-10-01 19:46:05,404 - instabot version: 0.117.0 (api) - DEBUG - GET to endpoint: users/42673523534/info/ returned response: <Response [200]>
2020-10-01 19:46:05,562 - instabot version: 0.117.0 (api) - DEBUG - GET to endpoint: direct_v2/get_presence/ returned response: <Response [200]>
2020-10-01 19:46:05,772 - instabot version: 0.117.0 (api) - DEBUG - GET to endpoint: direct_v2/inbox/?visual_message_return_type=unseen&thread_message_limit=10&persistentBadging=true&limit=20 returned response: <Response [200]>
2020-10-01 19:46:06,087 - instabot version: 0.117.0 (api) - DEBUG - GET to endpoint: direct_v2/inbox/?visual_message_return_type=unseen&persistentBadging=true&limit=0 returned response: <Response [200]>
2020-10-01 19:46:07,316 - instabot version: 0.117.0 (api) - DEBUG - GET to endpoint: discover/topical_explore/?is_prefetch=true&omit_cover_media=true&use_sectional_payload=true&timezone_offset=0&session_id=08a97a8e-c057-4dbf-9be3-c0b7ee9edc2e&include_fixed_destinations=true returned response: <Response [200]>
2020-10-01 19:46:07,498 - instabot version: 0.117.0 (api) - DEBUG - POST to endpoint: notifications/badge/ returned response: <Response [200]>
2020-10-01 19:46:07,732 - instabot version: 0.117.0 (api) - DEBUG - POST to endpoint: qp/batch_fetch/ returned response: <Response [200]>
2020-10-01 19:46:07,733 - instabot version: 0.117.0 (bot_checkpoint) - DEBUG - Loading Checkpoint file from: C:\Users\Cptcr\Documents\GitHub\InstagramPhilosophyBot/config/Daily_Philosophy_Trend.checkpoint
2020-10-01 19:46:07,737 - instabot version: 0.117.0 (bot_checkpoint) - DEBUG - Saving Checkpoint file to: C:\Users\Cptcr\Documents\GitHub\InstagramPhilosophyBot/config/Daily_Philosophy_Trend.checkpoint
2020-10-01 19:46:07,737 - instabot version: 0.117.0 (bot) - INFO - Total requests: 31
